Traceback (most recent call last):
  File "/Users/dialidsantiago/Git/Understanding-Quantitative-Finance/.venv/lib/python3.9/site-packages/jupyter_cache/executors/utils.py", line 58, in single_nb_execution
    executenb(
  File "/Users/dialidsantiago/Git/Understanding-Quantitative-Finance/.venv/lib/python3.9/site-packages/nbclient/client.py", line 1305, in execute
    return NotebookClient(nb=nb, resources=resources, km=km, **kwargs).execute()
  File "/Users/dialidsantiago/Git/Understanding-Quantitative-Finance/.venv/lib/python3.9/site-packages/jupyter_core/utils/__init__.py", line 166, in wrapped
    return loop.run_until_complete(inner)
  File "/Library/Frameworks/Python.framework/Versions/3.9/lib/python3.9/asyncio/base_events.py", line 642, in run_until_complete
    return future.result()
  File "/Users/dialidsantiago/Git/Understanding-Quantitative-Finance/.venv/lib/python3.9/site-packages/nbclient/client.py", line 705, in async_execute
    await self.async_execute_cell(
  File "/Users/dialidsantiago/Git/Understanding-Quantitative-Finance/.venv/lib/python3.9/site-packages/nbclient/client.py", line 1058, in async_execute_cell
    await self._check_raise_for_error(cell, cell_index, exec_reply)
  File "/Users/dialidsantiago/Git/Understanding-Quantitative-Finance/.venv/lib/python3.9/site-packages/nbclient/client.py", line 914, in _check_raise_for_error
    raise CellExecutionError.from_cell_and_msg(cell, exec_reply_content)
nbclient.exceptions.CellExecutionError: An error occurred while executing the following cell:
------------------
from aleatory.processes import BESProcess
process = BESProcess(dim=3.5)
process.draw(n=200, N=200, envelope=False, colormap="autumn", title="Bessel Process with dimension 3.5")
plt.show()
------------------


[0;31m---------------------------------------------------------------------------[0m
[0;31mTypeError[0m                                 Traceback (most recent call last)
Cell [0;32mIn[2], line 2[0m
[1;32m      1[0m [38;5;28;01mfrom[39;00m [38;5;21;01maleatory[39;00m[38;5;21;01m.[39;00m[38;5;21;01mprocesses[39;00m [38;5;28;01mimport[39;00m BESProcess
[0;32m----> 2[0m process [38;5;241m=[39m [43mBESProcess[49m[43m([49m[43mdim[49m[38;5;241;43m=[39;49m[38;5;241;43m3.5[39;49m[43m)[49m
[1;32m      3[0m process[38;5;241m.[39mdraw(n[38;5;241m=[39m[38;5;241m200[39m, N[38;5;241m=[39m[38;5;241m200[39m, envelope[38;5;241m=[39m[38;5;28;01mFalse[39;00m, colormap[38;5;241m=[39m[38;5;124m"[39m[38;5;124mautumn[39m[38;5;124m"[39m, title[38;5;241m=[39m[38;5;124m"[39m[38;5;124mBessel Process with dimension 3.5[39m[38;5;124m"[39m)
[1;32m      4[0m plt[38;5;241m.[39mshow()

File [0;32m~/opt/anaconda3/lib/python3.9/site-packages/aleatory/processes/analytical/bes.py:49[0m, in [0;36mBESProcess.__init__[0;34m(self, dim, T, rng)[0m
[1;32m     47[0m [38;5;28;01mdef[39;00m [38;5;21m__init__[39m([38;5;28mself[39m, dim[38;5;241m=[39m[38;5;241m1.0[39m, T[38;5;241m=[39m[38;5;241m1.0[39m, rng[38;5;241m=[39m[38;5;28;01mNone[39;00m):
[1;32m     48[0m     [38;5;28msuper[39m()[38;5;241m.[39m[38;5;21m__init__[39m(T[38;5;241m=[39mT, rng[38;5;241m=[39mrng, initial[38;5;241m=[39m[38;5;241m0.0[39m)
[0;32m---> 49[0m     [38;5;28mself[39m[38;5;241m.[39mdim [38;5;241m=[39m dim
[1;32m     50[0m     [38;5;28mself[39m[38;5;241m.[39m_brownian_motion [38;5;241m=[39m BrownianMotion(T[38;5;241m=[39mT, rng[38;5;241m=[39mrng)
[1;32m     51[0m     [38;5;28mself[39m[38;5;241m.[39mname [38;5;241m=[39m [38;5;124mf[39m[38;5;124m'[39m[38;5;124m$BES^[39m[38;5;130;01m{{[39;00m[38;5;132;01m{[39;00m[38;5;28mself[39m[38;5;241m.[39mdim[38;5;132;01m}[39;00m[38;5;130;01m}}[39;00m[38;5;124m_0$[39m[38;5;124m'[39m

File [0;32m~/opt/anaconda3/lib/python3.9/site-packages/aleatory/processes/analytical/bes.py:73[0m, in [0;36mBESProcess.dim[0;34m(self, value)[0m
[1;32m     71[0m     [38;5;28;01mraise[39;00m [38;5;167;01mTypeError[39;00m([38;5;124m"[39m[38;5;124mDimension must be positive[39m[38;5;124m"[39m)
[1;32m     72[0m [38;5;28;01mif[39;00m [38;5;129;01mnot[39;00m [38;5;28misinstance[39m(value, [38;5;28mint[39m):
[0;32m---> 73[0m     [38;5;28;01mraise[39;00m [38;5;167;01mTypeError[39;00m([38;5;124m"[39m[38;5;124mCurrent implementation is restricted to integer dimension.[39m[38;5;124m"[39m)
[1;32m     74[0m [38;5;28mself[39m[38;5;241m.[39m_dim [38;5;241m=[39m value

[0;31mTypeError[0m: Current implementation is restricted to integer dimension.

